/export/scratch/sheid/miniconda3/envs/mmcv_env/lib/python3.10/site-packages/torch/distributed/launch.py:207: FutureWarning: The module torch.distributed.launch is deprecated
and will be removed in future. Use torchrun.
Note that --use-env is set by default in torchrun.
If your script expects `--local-rank` argument to be set, please
change it to read from `os.environ['LOCAL_RANK']` instead. See 
https://pytorch.org/docs/stable/distributed.html#launch-utility for 
further instructions

  main()
Traceback (most recent call last):
  File "/export/scratch/sheid/miniconda3/envs/mmcv_env/lib/python3.10/site-packages/torch/distributed/run.py", line 650, in determine_local_world_size
    return int(nproc_per_node)
ValueError: invalid literal for int() with base 10: '1-'

The above exception was the direct cause of the following exception:

Traceback (most recent call last):
  File "/export/scratch/sheid/miniconda3/envs/mmcv_env/lib/python3.10/runpy.py", line 196, in _run_module_as_main
    return _run_code(code, main_globals, None,
  File "/export/scratch/sheid/miniconda3/envs/mmcv_env/lib/python3.10/runpy.py", line 86, in _run_code
    exec(code, run_globals)
  File "/export/scratch/sheid/miniconda3/envs/mmcv_env/lib/python3.10/site-packages/torch/distributed/launch.py", line 207, in <module>
    main()
  File "/export/home/sheid/.local/lib/python3.10/site-packages/typing_extensions.py", line 2853, in wrapper
    return arg(*args, **kwargs)
  File "/export/scratch/sheid/miniconda3/envs/mmcv_env/lib/python3.10/site-packages/torch/distributed/launch.py", line 203, in main
    launch(args)
  File "/export/scratch/sheid/miniconda3/envs/mmcv_env/lib/python3.10/site-packages/torch/distributed/launch.py", line 188, in launch
    run(args)
  File "/export/scratch/sheid/miniconda3/envs/mmcv_env/lib/python3.10/site-packages/torch/distributed/run.py", line 882, in run
    config, cmd, cmd_args = config_from_args(args)
  File "/export/scratch/sheid/miniconda3/envs/mmcv_env/lib/python3.10/site-packages/torch/distributed/run.py", line 763, in config_from_args
    nproc_per_node = determine_local_world_size(args.nproc_per_node)
  File "/export/scratch/sheid/miniconda3/envs/mmcv_env/lib/python3.10/site-packages/torch/distributed/run.py", line 679, in determine_local_world_size
    raise ValueError(
ValueError: Unsupported nproc_per_node value: 1-
/export/scratch/sheid/miniconda3/envs/mmcv_env/lib/python3.10/site-packages/torch/distributed/launch.py:207: FutureWarning: The module torch.distributed.launch is deprecated
and will be removed in future. Use torchrun.
Note that --use-env is set by default in torchrun.
If your script expects `--local-rank` argument to be set, please
change it to read from `os.environ['LOCAL_RANK']` instead. See 
https://pytorch.org/docs/stable/distributed.html#launch-utility for 
further instructions

  main()
/export/scratch/sheid/miniconda3/envs/mmcv_env/lib/python3.10/site-packages/torchvision/io/image.py:13: UserWarning: Failed to load image Python extension: '/export/scratch/sheid/miniconda3/envs/mmcv_env/lib/python3.10/site-packages/torchvision/image.so: undefined symbol: _ZN3c1017RegisterOperatorsD1Ev'If you don't plan on using image functionality from `torchvision.io`, you can ignore this warning. Otherwise, there might be something wrong with your environment. Did you have `libjpeg` or `libpng` installed before building `torchvision` from source?
  warn(
/export/scratch/sheid/miniconda3/envs/mmcv_env/lib/python3.10/site-packages/mmcv/__init__.py:20: UserWarning: On January 1, 2023, MMCV will release v2.0.0, in which it will remove components related to the training process and add a data transformation module. In addition, it will rename the package names mmcv to mmcv-lite and mmcv-full to mmcv. See https://github.com/open-mmlab/mmcv/blob/master/docs/en/compatibility.md for more details.
  warnings.warn(
/export/home/sheid/.local/lib/python3.10/site-packages/timm/models/layers/__init__.py:48: FutureWarning: Importing from timm.models.layers is deprecated, please import via timm.layers
  warnings.warn(f"Importing from {__name__} is deprecated, please import via timm.layers", FutureWarning)
2025-08-28 15:52:30,972 - PixArt - INFO - Distributed environment: MULTI_GPU  Backend: nccl
Num processes: 1
Process index: 0
Local process index: 0
Device: cuda:0

Mixed precision type: bf16

2025-08-28 15:52:31,076 - PixArt - INFO - Config: 
data_root = 'pixart-sigma-toy-dataset'
data = dict(
    type='InternalDataMSSigma',
    root=
    '/export/data/vislearn/rother_subgroup/sheid/pixart/pixart_generated_images/feature_pixart',
    image_list_json=['data_info.json'],
    transform='default_train',
    load_vae_feat=True,
    load_t5_feat=True,
    img_root=
    '/export/data/vislearn/rother_subgroup/sheid/pixart/pixart_generated_images/feature_pixart'
)
image_size = 512
train_batch_size = 16
eval_batch_size = 16
use_fsdp = False
valid_num = 0
fp32_attention = False
model = 'PixArtMS_XL_2'
aspect_ratio_type = 'ASPECT_RATIO_512'
multi_scale = False
pe_interpolation = 1.0
qk_norm = False
kv_compress = False
kv_compress_config = dict(sampling=None, scale_factor=1, kv_compress_layer=[])
num_workers = 4
train_sampling_steps = 1000
visualize = True
deterministic_validation = False
eval_sampling_steps = 500
model_max_length = 300
lora_rank = 4
num_epochs = 2
gradient_accumulation_steps = 1
grad_checkpointing = True
gradient_clip = 0.01
gc_step = 1
auto_lr = dict(rule='sqrt')
validation_prompts = [
    'dog',
    'portrait photo of a girl, photograph, highly detailed face, depth of field',
    'Self-portrait oil painting, a beautiful cyborg with golden hair, 8k',
    'Astronaut in a jungle, cold color palette, muted colors, detailed, 8k',
    'A photo of beautiful mountain with realistic sunset and blue lake, highly detailed, masterpiece'
]
optimizer = dict(
    type='CAMEWrapper',
    lr=2e-05,
    weight_decay=0.03,
    eps=(1e-30, 1e-16),
    betas=(0.9, 0.999, 0.9999))
lr_schedule = 'constant'
lr_schedule_args = dict(num_warmup_steps=1000)
save_image_epochs = 1
save_model_epochs = 1
save_model_steps = 12500
sample_posterior = True
mixed_precision = 'bf16'
scale_factor = 0.13025
ema_rate = 0.9999
tensorboard_mox_interval = 50
log_interval = 20
cfg_scale = 4
mask_type = 'null'
num_group_tokens = 0
mask_loss_coef = 0.0
load_mask_index = False
vae_pretrained = '/export/scratch/sheid/pixart/pixart_sigma_sdxlvae_T5_diffusers/vae'
load_from = '/export/data/sheid/pixart/equidistant/PixArt_sigma_xl2_img512_laion_4_6_8_10_12_14_16_18_20_22_24_finetuning/checkpoints/epoch_1_step_37990.pth'
resume_from = None
snr_loss = False
real_prompt_ratio = 1.0
class_dropout_prob = 0.1
work_dir = '/export/data/sheid/pixart/equidistant/PixArt_sigma_xl2_img512_laion_4_6_8_10_12_14_16_18_20_22_24_finetuning_on_Pixart'
s3_work_dir = None
micro_condition = False
seed = 43
skip_step = 0
loss_type = 'huber'
huber_c = 0.001
num_ddim_timesteps = 50
w_max = 15.0
w_min = 3.0
ema_decay = 0.95
intermediate_loss_flag = True
intermediate_loss_blocks = [
    4, 6, 8, 10, 12, 14, 16, 18, 20, 22, 24, 25, 26, 27
]
final_output_loss_flag = True
transformer_blocks = [4, 6, 8, 10, 12, 14, 16, 18, 20, 22, 24]
trainable_blocks = []
reserve_memory = True
stable_loss = False
self_att_feat_loss_flag = False
image_list_json = ['data_info.json']
ref_load_from = '/export/scratch/sheid/pixart/PixArt-Sigma-XL-2-512-MS.pth'
org_loss_flag = False

2025-08-28 15:52:31,077 - PixArt - INFO - World_size: 1, seed: 43
2025-08-28 15:52:31,077 - PixArt - INFO - Initializing: DDP for training
2025-08-28 15:52:31,077 - PixArt - INFO - vae scale factor: 0.13025
2025-08-28 15:52:31,078 - PixArt - INFO - Preparing Visualization prompt embeddings...
2025-08-28 15:52:31,078 - PixArt - INFO - Loading text encoder and tokenizer from /export/scratch/sheid/pixart/pixart_sigma_sdxlvae_T5_diffusers ...
You are using the default legacy behaviour of the <class 'transformers.models.t5.tokenization_t5.T5Tokenizer'>. This is expected, and simply means that the `legacy` (previous) behavior will be used so nothing changes for you. If you want to use the new behaviour, set `legacy=False`. This should only be set if you understand what it means, and thoroughly read the reason why this was added as explained in https://github.com/huggingface/transformers/pull/24565
Loading checkpoint shards:   0%|          | 0/2 [00:00<?, ?it/s]